<?xml version="1.0" encoding="UTF-8"?>
<!-- Generated by org.testng.reporters.JUnitReportReporter -->
<testsuite hostname="DESKTOP-76O5QF6" failures="0" tests="1" name="com.hrms.testscripts.TestCase_101" time="178.518" errors="0" timestamp="13 Aug 2021 06:24:52 GMT">
  <testcase classname="com.hrms.testscripts.TestCase_101" name="tc100" time="178.518"/>
</testsuite> <!-- com.hrms.testscripts.TestCase_101 -->
