<?xml version="1.0" encoding="UTF-8"?>
<!-- Generated by org.testng.reporters.JUnitReportReporter -->
<testsuite hostname="DESKTOP-76O5QF6" failures="0" tests="2" name="com.hrms.testscripts.TestCase_101" time="54.531" errors="0" timestamp="8 Aug 2021 09:24:52 GMT">
  <testcase classname="com.hrms.testscripts.TestCase_101" name="tc100" time="27.580"/>
  <testcase classname="com.hrms.testscripts.TestCase_101" name="tc101" time="26.951"/>
</testsuite> <!-- com.hrms.testscripts.TestCase_101 -->
