<?xml version="1.0" encoding="UTF-8"?>
<!-- Generated by org.testng.reporters.JUnitReportReporter -->
<testsuite hostname="DESKTOP-76O5QF6" failures="0" tests="1" name="com.hrms.testscripts.TestCase_102" time="107.872" errors="0" timestamp="13 Aug 2021 04:56:23 GMT">
  <testcase classname="com.hrms.testscripts.TestCase_102" name="tc101" time="107.872"/>
</testsuite> <!-- com.hrms.testscripts.TestCase_102 -->
