<?xml version="1.0" encoding="UTF-8"?>
<!-- Generated by org.testng.reporters.JUnitReportReporter -->
<testsuite hostname="DESKTOP-76O5QF6" failures="0" tests="1" name="com.hrms.testscripts.TestCase_102" time="21.314" errors="0" timestamp="8 Aug 2021 09:24:52 GMT">
  <testcase classname="com.hrms.testscripts.TestCase_102" name="tc101" time="21.314"/>
</testsuite> <!-- com.hrms.testscripts.TestCase_102 -->
